<?xml version="1.0" encoding="UTF-8"?>
<!-- Generated by org.testng.reporters.JUnitXMLReporter -->
<testsuite hostname="HDC2-D-CL2MXJ2" ignored="0" name="Default test" tests="4" failures="0" timestamp="23 Oct 2019 12:18:19 GMT" time="68.851" errors="0">
  <testcase name="testRegistration" time="35.503" classname="Casestudypack.OnlineShoppingTest"/>
  <testcase name="testLogin" time="3.719" classname="Casestudypack.OnlineShoppingTest"/>
  <testcase name="testCart" time="11.071" classname="Casestudypack.OnlineShoppingTest"/>
  <testcase name="testPayment" time="17.584" classname="Casestudypack.OnlineShoppingTest"/>
</testsuite> <!-- Default test -->
