<?xml version="1.0" encoding="UTF-8"?>
<testng-results skipped="0" failed="0" ignored="0" total="4" passed="4">
  <reporter-output>
  </reporter-output>
  <suite name="Default suite" duration-ms="68851" started-at="2019-10-23T12:17:10Z" finished-at="2019-10-23T12:18:19Z">
    <groups>
    </groups>
    <test name="Default test" duration-ms="68851" started-at="2019-10-23T12:17:10Z" finished-at="2019-10-23T12:18:19Z">
      <class name="Casestudypack.OnlineShoppingTest">
        <test-method status="PASS" signature="startReportBeforeTest()[pri:0, instance:Casestudypack.OnlineShoppingTest@91161c7]" name="startReportBeforeTest" is-config="true" duration-ms="267" started-at="2019-10-23T12:17:10Z" finished-at="2019-10-23T12:17:11Z">
          <reporter-output>
          </reporter-output>
        </test-method> <!-- startReportBeforeTest -->
        <test-method status="PASS" signature="testRegistration()[pri:1, instance:Casestudypack.OnlineShoppingTest@91161c7]" name="testRegistration" duration-ms="35503" started-at="2019-10-23T12:17:11Z" finished-at="2019-10-23T12:17:46Z">
          <reporter-output>
          </reporter-output>
        </test-method> <!-- testRegistration -->
        <test-method status="PASS" signature="getResult(org.testng.ITestResult)[pri:0, instance:Casestudypack.OnlineShoppingTest@91161c7]" name="getResult" is-config="true" duration-ms="16" started-at="2019-10-23T12:17:46Z" finished-at="2019-10-23T12:17:46Z">
          <params>
            <param index="0">
              <value>
                <![CDATA[[TestResult name=testRegistration status=SUCCESS method=OnlineShoppingTest.testRegistration()[pri:1, instance:Casestudypack.OnlineShoppingTest@91161c7] output={null}]]]>
              </value>
            </param>
          </params>
          <reporter-output>
          </reporter-output>
        </test-method> <!-- getResult -->
        <test-method status="PASS" signature="testLogin()[pri:2, instance:Casestudypack.OnlineShoppingTest@91161c7]" name="testLogin" duration-ms="3719" started-at="2019-10-23T12:17:46Z" finished-at="2019-10-23T12:17:50Z">
          <reporter-output>
          </reporter-output>
        </test-method> <!-- testLogin -->
        <test-method status="PASS" signature="getResult(org.testng.ITestResult)[pri:0, instance:Casestudypack.OnlineShoppingTest@91161c7]" name="getResult" is-config="true" duration-ms="1" started-at="2019-10-23T12:17:50Z" finished-at="2019-10-23T12:17:50Z">
          <params>
            <param index="0">
              <value>
                <![CDATA[[TestResult name=testLogin status=SUCCESS method=OnlineShoppingTest.testLogin()[pri:2, instance:Casestudypack.OnlineShoppingTest@91161c7] output={null}]]]>
              </value>
            </param>
          </params>
          <reporter-output>
          </reporter-output>
        </test-method> <!-- getResult -->
        <test-method status="PASS" signature="testCart()[pri:3, instance:Casestudypack.OnlineShoppingTest@91161c7]" name="testCart" duration-ms="11071" started-at="2019-10-23T12:17:50Z" finished-at="2019-10-23T12:18:01Z">
          <reporter-output>
          </reporter-output>
        </test-method> <!-- testCart -->
        <test-method status="PASS" signature="getResult(org.testng.ITestResult)[pri:0, instance:Casestudypack.OnlineShoppingTest@91161c7]" name="getResult" is-config="true" duration-ms="1" started-at="2019-10-23T12:18:01Z" finished-at="2019-10-23T12:18:01Z">
          <params>
            <param index="0">
              <value>
                <![CDATA[[TestResult name=testCart status=SUCCESS method=OnlineShoppingTest.testCart()[pri:3, instance:Casestudypack.OnlineShoppingTest@91161c7] output={null}]]]>
              </value>
            </param>
          </params>
          <reporter-output>
          </reporter-output>
        </test-method> <!-- getResult -->
        <test-method status="PASS" signature="testPayment()[pri:4, instance:Casestudypack.OnlineShoppingTest@91161c7]" name="testPayment" duration-ms="17584" started-at="2019-10-23T12:18:01Z" finished-at="2019-10-23T12:18:18Z">
          <reporter-output>
          </reporter-output>
        </test-method> <!-- testPayment -->
        <test-method status="PASS" signature="getResult(org.testng.ITestResult)[pri:0, instance:Casestudypack.OnlineShoppingTest@91161c7]" name="getResult" is-config="true" duration-ms="1" started-at="2019-10-23T12:18:18Z" finished-at="2019-10-23T12:18:18Z">
          <params>
            <param index="0">
              <value>
                <![CDATA[[TestResult name=testPayment status=SUCCESS method=OnlineShoppingTest.testPayment()[pri:4, instance:Casestudypack.OnlineShoppingTest@91161c7] output={null}]]]>
              </value>
            </param>
          </params>
          <reporter-output>
          </reporter-output>
        </test-method> <!-- getResult -->
        <test-method status="PASS" signature="endReportAfterTest()[pri:0, instance:Casestudypack.OnlineShoppingTest@91161c7]" name="endReportAfterTest" is-config="true" duration-ms="660" started-at="2019-10-23T12:18:18Z" finished-at="2019-10-23T12:18:19Z">
          <reporter-output>
          </reporter-output>
        </test-method> <!-- endReportAfterTest -->
      </class> <!-- Casestudypack.OnlineShoppingTest -->
    </test> <!-- Default test -->
  </suite> <!-- Default suite -->
</testng-results>
